#
# A fatal error has been detected by the Java Runtime Environment:
#
#  EXCEPTION_ACCESS_VIOLATION (0xc0000005) at pc=0x00007ff929e47c32, pid=3904, tid=6328
#
# JRE version: Java(TM) SE Runtime Environment 18.9 (11.0.16.1+1) (build 11.0.16.1+1-LTS-1)
# Java VM: Java HotSpot(TM) 64-Bit Server VM 18.9 (11.0.16.1+1-LTS-1, mixed mode, tiered, compressed oops, g1 gc, windows-amd64)
# Problematic frame:
# V  [jvm.dll+0x1e7c32]
#
# No core dump will be written. Minidumps are not enabled by default on client versions of Windows
#
# If you would like to submit a bug report, please visit:
#   https://bugreport.java.com/bugreport/crash.jsp
#

---------------  S U M M A R Y ------------

Command Line: -Dcom.sun.management.jmxremote -Dcom.sun.management.jmxremote.port=49832 -Dcom.sun.management.jmxremote.authenticate=false -Dcom.sun.management.jmxremote.ssl=false -Djava.rmi.server.hostname=localhost -Dspring.jmx.enabled=true -Dspring.application.admin.enabled=true -XX:TieredStopAtLevel=1 -Dspring.boot.project.name=university -Dfile.encoding=UTF-8 com.university.UniversityApplication --spring.output.ansi.enabled=always

Host: AMD A6-9200 RADEON R4, 5 COMPUTE CORES 2C+3G   , 2 cores, 14G,  Windows 10 , 64 bit Build 19041 (10.0.19041.2364)
Time: Thu Dec 15 13:26:31 2022 Maroc (heure d64 bit Build 19041 (10.0.19041.2364) elapsed time: 1567.642330 seconds (0d 0h 26m 7s)

---------------  T H R E A D  ---------------

Current thread (0x00000174cbf5b000):  GCTaskThread "GC Thread#0" [stack: 0x0000002697400000,0x0000002697500000] [id=6328]

Stack: [0x0000002697400000,0x0000002697500000],  sp=0x00000026974ff3d0,  free space=1020k
Native frames: (J=compiled Java code, j=interpreted, Vv=VM code, C=native code)
V  [jvm.dll+0x1e7c32]
V  [jvm.dll+0x2e3bdc]
V  [jvm.dll+0x2e2237]
V  [jvm.dll+0x2e7e45]
V  [jvm.dll+0x2e753c]
V  [jvm.dll+0x2e6e1d]
V  [jvm.dll+0x793d80]
V  [jvm.dll+0x722b34]
V  [jvm.dll+0x629276]
C  [ucrtbase.dll+0x21bb2]
C  [KERNEL32.DLL+0x17614]
C  [ntdll.dll+0x526a1]


siginfo: EXCEPTION_ACCESS_VIOLATION (0xc0000005), reading address 0xffffffffffffffff


Register to memory mapping:

RIP=0x00007ff929e47c32 jvm.dll
RAX=0x00000174e3c70000 points into unknown readable memory: 0x0000000000000001 | 01 00 00 00 00 00 00 00
RBX=0x0000000512182120 is an unknown value
RCX=0x0000000000000024 is an unknown value
RDX=0x1fffffffc02b0424 is an unknown value
RSP=0x00000026974ff3d0 points into unknown readable memory: 0x0000000000000000 | 00 00 00 00 00 00 00 00
RBP=0x0000000000000002 is an unknown value
RSI=0x00000174f01b21c0 points into unknown readable memory: 0x0006008000000000 | 00 00 00 00 80 00 06 00
RDI=0x0000000000000001 is an unknown value
R8 =0x007fffffff00ac10 is an unknown value
R9 =0x00000174d35f0f00 is at begin+0 in a stub
StubRoutines::atomic_cmpxchg_long [0x00000174d35f0f00, 0x00000174d35f0f09[ (9 bytes)
R10=0x00000007121820c0 is an oop: [Ljava.lang.Object; 
{0x00000007121820c0} - klass: 'java/lang/Object'[]
 - length: 5
R11=0x000000000000000c is an unknown value
R12=0x00000008000b92b0 is a pointer to class: 
sun.reflect.generics.tree.ClassTypeSignature {0x00000008000b92b8}
R13=0x00000174f01b2388 points into unknown readable memory: 0x00007ff92a4cac58 | 58 ac 4c 2a f9 7f 00 00
R14=0x00000174f01b21c0 points into unknown readable memory: 0x0006008000000000 | 00 00 00 00 80 00 06 00
R15=0x00000008000b92a8 is pointing into metadata


Registers:
RAX=0x00000174e3c70000, RBX=0x0000000512182120, RCX=0x0000000000000024, RDX=0x1fffffffc02b0424
RSP=0x00000026974ff3d0, RBP=0x0000000000000002, RSI=0x00000174f01b21c0, RDI=0x0000000000000001
R8 =0x007fffffff00ac10, R9 =0x00000174d35f0f00, R10=0x00000007121820c0, R11=0x000000000000000c
R12=0x00000008000b92b0, R13=0x00000174f01b2388, R14=0x00000174f01b21c0, R15=0x00000008000b92a8
RIP=0x00007ff929e47c32, EFLAGS=0x0000000000010206

Top of Stack: (sp=0x00000026974ff3d0)
0x00000026974ff3d0:   0000000000000000 00007ff929e47c63
0x00000026974ff3e0:   00000174ef5ef640 00000174f01b2388
0x00000026974ff3f0:   0000000000000001 00007ff929f43bdc
0x00000026974ff400:   0000000512182120 00000174f01b21c0
0x00000026974ff410:   0000000712182130 00000174f01b21c0
0x00000026974ff420:   0000000000000011 00007ff929f41590
0x00000026974ff430:   0000000512182120 00007ff929f42237
0x00000026974ff440:   00000174f573a040 0000000712182144
0x00000026974ff450:   00000174f573a040 0000000000000000
0x00000026974ff460:   0000000000000000 00000174f01b21c0
0x00000026974ff470:   0000000000000010 00007ff929c60000
0x00000026974ff480:   00000174f01b21c0 00007ff929f47e45
0x00000026974ff490:   0000000000000000 0000000712182130
0x00000026974ff4a0:   0000000712182130 00000026974ff508
0x00000026974ff4b0:   00000007121820c0 0000005600000000
0x00000026974ff4c0:   00000174f01b21c0 00005f6000000000 

Instructions: (pc=0x00007ff929e47c32)
0x00007ff929e47c12:   bf 01 00 00 00 48 8b 41 18 8b 49 10 48 c1 ea 03
0x00007ff929e47c22:   48 d3 ea 4c 8b c2 0f b6 ca 49 c1 e8 06 80 e1 3f
0x00007ff929e47c32:   4a 8b 1c c0 4a 8d 34 c0 48 d3 e7 48 8b c3 48 0b
0x00007ff929e47c42:   c7 48 3b c3 74 2e 0f 1f 84 00 00 00 00 00 4c 8b 


Stack slot to memory mapping:
stack at sp + 0 slots: 0x0 is NULL
stack at sp + 1 slots: 0x00007ff929e47c63 jvm.dll
stack at sp + 2 slots: 0x00000174ef5ef640 points into unknown readable memory: 0x00000007113343a0 | a0 43 33 11 07 00 00 00
stack at sp + 3 slots: 0x00000174f01b2388 points into unknown readable memory: 0x00007ff92a4cac58 | 58 ac 4c 2a f9 7f 00 00
stack at sp + 4 slots: 0x0000000000000001 is an unknown value
stack at sp + 5 slots: 0x00007ff929f43bdc jvm.dll
stack at sp + 6 slots: 0x0000000512182120 is an unknown value
stack at sp + 7 slots: 0x00000174f01b21c0 points into unknown readable memory: 0x0006008000000000 | 00 00 00 00 80 00 06 00


---------------  P R O C E S S  ---------------

Threads class SMR info:
_java_thread_list=0x00000174f2814b30, length=21, elements={
0x00000174ede62800, 0x00000174ede63000, 0x00000174edeae800, 0x00000174edeaf800,
0x00000174edeb0800, 0x00000174edec9000, 0x00000174edebe000, 0x00000174edff4800,
0x00000174ee566800, 0x00000174ee599800, 0x00000174ee537800, 0x00000174ee74e000,
0x00000174ee758800, 0x00000174f02d4800, 0x00000174f02d6000, 0x00000174f251c800,
0x00000174f02d5000, 0x00000174f250f800, 0x00000174f2514800, 0x00000174f02d8800,
0x00000174f02d9000
}

Java Threads: ( => current thread )
  0x00000174ede62800 JavaThread "Reference Handler" daemon [_thread_blocked, id=7632, stack(0x0000002697a00000,0x0000002697b00000)]
  0x00000174ede63000 JavaThread "Finalizer" daemon [_thread_blocked, id=8264, stack(0x0000002697b00000,0x0000002697c00000)]
  0x00000174edeae800 JavaThread "Signal Dispatcher" daemon [_thread_blocked, id=1612, stack(0x0000002697c00000,0x0000002697d00000)]
  0x00000174edeaf800 JavaThread "Attach Listener" daemon [_thread_blocked, id=1028, stack(0x0000002697d00000,0x0000002697e00000)]
  0x00000174edeb0800 JavaThread "Service Thread" daemon [_thread_blocked, id=9032, stack(0x0000002697e00000,0x0000002697f00000)]
  0x00000174edec9000 JavaThread "C1 CompilerThread0" daemon [_thread_blocked, id=9624, stack(0x0000002697f00000,0x0000002698000000)]
  0x00000174edebe000 JavaThread "Sweeper thread" daemon [_thread_blocked, id=9264, stack(0x0000002698000000,0x0000002698100000)]
  0x00000174edff4800 JavaThread "Common-Cleaner" daemon [_thread_blocked, id=7480, stack(0x0000002698100000,0x0000002698200000)]
  0x00000174ee566800 JavaThread "RMI TCP Accept-0" daemon [_thread_in_native, id=5792, stack(0x0000002698200000,0x0000002698300000)]
  0x00000174ee599800 JavaThread "RMI TCP Accept-49832" daemon [_thread_in_native, id=8824, stack(0x0000002698300000,0x0000002698400000)]
  0x00000174ee537800 JavaThread "RMI TCP Accept-0" daemon [_thread_in_native, id=5860, stack(0x0000002698600000,0x0000002698700000)]
  0x00000174ee74e000 JavaThread "RMI Scheduler(0)" daemon [_thread_blocked, id=10052, stack(0x0000002698900000,0x0000002698a00000)]
  0x00000174ee758800 JavaThread "JMX server connection timeout 18" daemon [_thread_blocked, id=8304, stack(0x0000002698b00000,0x0000002698c00000)]
  0x00000174f02d4800 JavaThread "mysql-cj-abandoned-connection-cleanup" daemon [_thread_blocked, id=5004, stack(0x0000002699100000,0x0000002699200000)]
  0x00000174f02d6000 JavaThread "Live Reload Server" daemon [_thread_in_native, id=5304, stack(0x0000002699600000,0x0000002699700000)]
  0x00000174f251c800 JavaThread "DestroyJavaVM" [_thread_blocked, id=1008, stack(0x0000002697300000,0x0000002697400000)]
  0x00000174f02d5000 JavaThread "RMI TCP Connection(44)-127.0.0.1" daemon [_thread_in_native, id=10148, stack(0x000000269a000000,0x000000269a100000)]
  0x00000174f250f800 JavaThread "Catalina-utility-1" [_thread_blocked, id=8932, stack(0x0000002698800000,0x0000002698900000)]
  0x00000174f2514800 JavaThread "Catalina-utility-2" [_thread_blocked, id=5852, stack(0x0000002698c00000,0x0000002698d00000)]
  0x00000174f02d8800 JavaThread "RMI TCP Connection(45)-127.0.0.1" daemon [_thread_in_native, id=1152, stack(0x0000002697100000,0x0000002697200000)]
  0x00000174f02d9000 JavaThread "Thread-19" [_thread_blocked, id=7788, stack(0x0000002698d00000,0x0000002698e00000)]

Other Threads:
  0x00000174ede2d000 VMThread "VM Thread" [stack: 0x0000002697900000,0x0000002697a00000] [id=2744]
  0x00000174ee630800 WatcherThread [stack: 0x0000002698700000,0x0000002698800000] [id=6060]
=>0x00000174cbf5b000 GCTaskThread "GC Thread#0" [stack: 0x0000002697400000,0x0000002697500000] [id=6328]
  0x00000174ee589000 GCTaskThread "GC Thread#1" [stack: 0x0000002698400000,0x0000002698500000] [id=2388]
  0x00000174cbfb5800 ConcurrentGCThread "G1 Main Marker" [stack: 0x0000002697500000,0x0000002697600000] [id=5300]
  0x00000174cbfb7000 ConcurrentGCThread "G1 Conc#0" [stack: 0x0000002697600000,0x0000002697700000] [id=3880]
  0x00000174cc01e000 ConcurrentGCThread "G1 Refine#0" [stack: 0x0000002697700000,0x0000002697800000] [id=8928]
  0x00000174ee19b000 ConcurrentGCThread "G1 Refine#1" [stack: 0x0000002698500000,0x0000002698600000] [id=4892]
  0x00000174ed49b800 ConcurrentGCThread "G1 Young RemSet Sampling" [stack: 0x0000002697800000,0x0000002697900000] [id=6852]

Threads with active compile tasks:

VM state:at safepoint (normal execution)

VM Mutex/Monitor currently owned by a thread:  ([mutex/lock_event])
[0x00000174cbf42a70] Threads_lock - owner thread: 0x00000174ede2d000
[0x00000174cbf43ac0] Heap_lock - owner thread: 0x00000174f02d9000

Heap address: 0x0000000710c00000, size: 3828 MB, Compressed Oops mode: Zero based, Oop shift amount: 3
Narrow klass base: 0x0000000800000000, Narrow klass shift: 0
Compressed class space size: 1073741824 Address: 0x0000000800000000

Heap:
 garbage-first heap   total 109568K, used 55764K [0x0000000710c00000, 0x0000000800000000)
  region size 1024K, 19 young (19456K), 5 survivors (5120K)
 Metaspace       used 72298K, capacity 74961K, committed 75084K, reserved 1114112K
  class space    used 9642K, capacity 10725K, committed 10828K, reserved 1048576K
Heap Regions: E=young(eden), S=young(survivor), O=old, HS=humongous(starts), HC=humongous(continues), CS=collection set, F=free, A=archive, TAMS=top-at-mark-start (previous, next)
|   0|0x0000000710c00000, 0x0000000710d00000, 0x0000000710d00000|100%|HS|  |TAMS 0x0000000710c00000, 0x0000000710c00000| Untracked 
|   1|0x0000000710d00000, 0x0000000710e00000, 0x0000000710e00000|100%| O|  |TAMS 0x0000000710d00000, 0x0000000710d00000| Untracked 
|   2|0x0000000710e00000, 0x0000000710effee8, 0x0000000710f00000| 99%| O|  |TAMS 0x0000000710e00000, 0x0000000710e00000| Untracked 
|   3|0x0000000710f00000, 0x0000000710feadd0, 0x0000000711000000| 91%| O|  |TAMS 0x0000000710f00000, 0x0000000710f00000| Untracked 
|   4|0x0000000711000000, 0x00000007110fffe0, 0x0000000711100000| 99%| O|  |TAMS 0x0000000711000000, 0x0000000711000000| Untracked 
|   5|0x0000000711100000, 0x00000007111fffc8, 0x0000000711200000| 99%| O|  |TAMS 0x0000000711100000, 0x0000000711100000| Untracked 
|   6|0x0000000711200000, 0x00000007112fffc8, 0x0000000711300000| 99%| O|  |TAMS 0x0000000711200000, 0x0000000711200000| Untracked 
|   7|0x0000000711300000, 0x00000007113fffe8, 0x0000000711400000| 99%| O|  |TAMS 0x0000000711300000, 0x0000000711300000| Untracked 
|   8|0x0000000711400000, 0x0000000711500000, 0x0000000711500000|100%| O|  |TAMS 0x0000000711400000, 0x0000000711400000| Untracked 
|   9|0x0000000711500000, 0x00000007115fffe8, 0x0000000711600000| 99%| O|  |TAMS 0x0000000711500000, 0x0000000711500000| Untracked 
|  10|0x0000000711600000, 0x0000000711700000, 0x0000000711700000|100%| O|  |TAMS 0x0000000711600000, 0x0000000711600000| Untracked 
|  11|0x0000000711700000, 0x0000000711800000, 0x0000000711800000|100%| O|  |TAMS 0x0000000711700000, 0x0000000711700000| Untracked 
|  12|0x0000000711800000, 0x00000007118ffff8, 0x0000000711900000| 99%| O|  |TAMS 0x0000000711800000, 0x0000000711800000| Untracked 
|  13|0x0000000711900000, 0x00000007119ffde0, 0x0000000711a00000| 99%| O|  |TAMS 0x0000000711900000, 0x0000000711900000| Untracked 
|  14|0x0000000711a00000, 0x0000000711b00000, 0x0000000711b00000|100%| O|  |TAMS 0x0000000711a00000, 0x0000000711a00000| Untracked 
|  15|0x0000000711b00000, 0x0000000711bffff8, 0x0000000711c00000| 99%| O|  |TAMS 0x0000000711b00000, 0x0000000711b00000| Untracked 
|  16|0x0000000711c00000, 0x0000000711cfffc0, 0x0000000711d00000| 99%| O|  |TAMS 0x0000000711c00000, 0x0000000711c00000| Untracked 
|  17|0x0000000711d00000, 0x0000000711dffee8, 0x0000000711e00000| 99%| O|  |TAMS 0x0000000711d00000, 0x0000000711d00000| Untracked 
|  18|0x0000000711e00000, 0x0000000711effff0, 0x0000000711f00000| 99%| O|  |TAMS 0x0000000711e00000, 0x0000000711e00000| Untracked 
|  19|0x0000000711f00000, 0x0000000711fffff0, 0x0000000712000000| 99%| O|  |TAMS 0x0000000711f00000, 0x0000000711f00000| Untracked 
|  20|0x0000000712000000, 0x00000007120ffff8, 0x0000000712100000| 99%| O|  |TAMS 0x0000000712000000, 0x0000000712000000| Untracked 
|  21|0x0000000712100000, 0x00000007121fffd0, 0x0000000712200000| 99%| O|  |TAMS 0x0000000712100000, 0x0000000712100000| Untracked 
|  22|0x0000000712200000, 0x00000007122ffff0, 0x0000000712300000| 99%| O|  |TAMS 0x0000000712200000, 0x0000000712200000| Untracked 
|  23|0x0000000712300000, 0x00000007123ffff0, 0x0000000712400000| 99%| O|  |TAMS 0x0000000712300000, 0x0000000712300000| Untracked 
|  24|0x0000000712400000, 0x00000007124ffff0, 0x0000000712500000| 99%| O|  |TAMS 0x0000000712400000, 0x0000000712400000| Untracked 
|  25|0x0000000712500000, 0x00000007125fffe0, 0x0000000712600000| 99%| O|  |TAMS 0x0000000712500000, 0x0000000712500000| Untracked 
|  26|0x0000000712600000, 0x00000007126ffff0, 0x0000000712700000| 99%| O|  |TAMS 0x0000000712600000, 0x0000000712600000| Untracked 
|  27|0x0000000712700000, 0x00000007127fffc8, 0x0000000712800000| 99%| O|  |TAMS 0x0000000712700000, 0x0000000712700000| Untracked 
|  28|0x0000000712800000, 0x00000007128fffb8, 0x0000000712900000| 99%| O|  |TAMS 0x0000000712800000, 0x0000000712800000| Untracked 
|  29|0x0000000712900000, 0x00000007129fffe8, 0x0000000712a00000| 99%| O|  |TAMS 0x0000000712900000, 0x0000000712900000| Untracked 
|  30|0x0000000712a00000, 0x0000000712b00000, 0x0000000712b00000|100%| O|  |TAMS 0x0000000712a00000, 0x0000000712a00000| Untracked 
|  31|0x0000000712b00000, 0x0000000712bffff0, 0x0000000712c00000| 99%| O|  |TAMS 0x0000000712b00000, 0x0000000712b00000| Untracked 
|  32|0x0000000712c00000, 0x0000000712c94340, 0x0000000712d00000| 57%| O|  |TAMS 0x0000000712c00000, 0x0000000712c00000| Untracked 
|  33|0x0000000712d00000, 0x0000000712e00000, 0x0000000712e00000|100%| O|  |TAMS 0x0000000712d00000, 0x0000000712d00000| Untracked 
|  34|0x0000000712e00000, 0x0000000712f00000, 0x0000000712f00000|100%| O|  |TAMS 0x0000000712e00000, 0x0000000712e00000| Untracked 
|  35|0x0000000712f00000, 0x0000000712f0a638, 0x0000000713000000|  4%| O|  |TAMS 0x0000000712f00000, 0x0000000712f00000| Untracked 
|  36|0x0000000713000000, 0x0000000713100000, 0x0000000713100000|100%| O|  |TAMS 0x0000000713000000, 0x0000000713000000| Untracked 
|  37|0x0000000713100000, 0x000000071315f800, 0x0000000713200000| 37%| O|  |TAMS 0x0000000713100000, 0x0000000713100000| Untracked 
|  38|0x0000000713200000, 0x0000000713200000, 0x0000000713300000|  0%| F|  |TAMS 0x0000000713200000, 0x0000000713200000| Untracked 
|  39|0x0000000713300000, 0x0000000713300000, 0x0000000713400000|  0%| F|  |TAMS 0x0000000713300000, 0x0000000713300000| Untracked 
|  40|0x0000000713400000, 0x0000000713400000, 0x0000000713500000|  0%| F|  |TAMS 0x0000000713400000, 0x0000000713400000| Untracked 
|  41|0x0000000713500000, 0x0000000713500000, 0x0000000713600000|  0%| F|  |TAMS 0x0000000713500000, 0x0000000713500000| Untracked 
|  42|0x0000000713600000, 0x0000000713600000, 0x0000000713700000|  0%| F|  |TAMS 0x0000000713600000, 0x0000000713600000| Untracked 
|  43|0x0000000713700000, 0x0000000713700000, 0x0000000713800000|  0%| F|  |TAMS 0x0000000713700000, 0x0000000713700000| Untracked 
|  44|0x0000000713800000, 0x0000000713800000, 0x0000000713900000|  0%| F|  |TAMS 0x0000000713800000, 0x0000000713800000| Untracked 
|  45|0x0000000713900000, 0x0000000713900000, 0x0000000713a00000|  0%| F|  |TAMS 0x0000000713900000, 0x0000000713900000| Untracked 
|  46|0x0000000713a00000, 0x0000000713a00000, 0x0000000713b00000|  0%| F|  |TAMS 0x0000000713a00000, 0x0000000713a00000| Untracked 
|  47|0x0000000713b00000, 0x0000000713b00000, 0x0000000713c00000|  0%| F|  |TAMS 0x0000000713b00000, 0x0000000713b00000| Untracked 
|  48|0x0000000713c00000, 0x0000000713c00000, 0x0000000713d00000|  0%| F|  |TAMS 0x0000000713c00000, 0x0000000713c00000| Untracked 
|  49|0x0000000713d00000, 0x0000000713d00000, 0x0000000713e00000|  0%| F|  |TAMS 0x0000000713d00000, 0x0000000713d00000| Untracked 
|  50|0x0000000713e00000, 0x0000000713e00000, 0x0000000713f00000|  0%| F|  |TAMS 0x0000000713e00000, 0x0000000713e00000| Untracked 
|  51|0x0000000713f00000, 0x0000000713f00000, 0x0000000714000000|  0%| F|  |TAMS 0x0000000713f00000, 0x0000000713f00000| Untracked 
|  52|0x0000000714000000, 0x0000000714000000, 0x0000000714100000|  0%| F|  |TAMS 0x0000000714000000, 0x0000000714000000| Untracked 
|  53|0x0000000714100000, 0x00000007141eb2a0, 0x0000000714200000| 91%| S|  |TAMS 0x0000000714100000, 0x0000000714100000| Complete 
|  54|0x0000000714200000, 0x0000000714300000, 0x0000000714300000|100%| S|  |TAMS 0x0000000714200000, 0x0000000714200000| Complete 
|  55|0x0000000714300000, 0x0000000714400000, 0x0000000714400000|100%| S|  |TAMS 0x0000000714300000, 0x0000000714300000| Complete 
|  56|0x0000000714400000, 0x0000000714400000, 0x0000000714500000|  0%| F|  |TAMS 0x0000000714400000, 0x0000000714400000| Untracked 
|  57|0x0000000714500000, 0x0000000714500000, 0x0000000714600000|  0%| F|  |TAMS 0x0000000714500000, 0x0000000714500000| Untracked 
|  58|0x0000000714600000, 0x0000000714700000, 0x0000000714700000|100%| S|  |TAMS 0x0000000714600000, 0x0000000714600000| Complete 
|  59|0x0000000714700000, 0x0000000714800000, 0x0000000714800000|100%| S|  |TAMS 0x0000000714700000, 0x0000000714700000| Complete 
|  60|0x0000000714800000, 0x0000000714800000, 0x0000000714900000|  0%| F|  |TAMS 0x0000000714800000, 0x0000000714800000| Untracked 
|  61|0x0000000714900000, 0x0000000714900000, 0x0000000714a00000|  0%| F|  |TAMS 0x0000000714900000, 0x0000000714900000| Untracked 
|  62|0x0000000714a00000, 0x0000000714a00000, 0x0000000714b00000|  0%| F|  |TAMS 0x0000000714a00000, 0x0000000714a00000| Untracked 
|  63|0x0000000714b00000, 0x0000000714b00000, 0x0000000714c00000|  0%| F|  |TAMS 0x0000000714b00000, 0x0000000714b00000| Untracked 
|  64|0x0000000714c00000, 0x0000000714c00000, 0x0000000714d00000|  0%| F|  |TAMS 0x0000000714c00000, 0x0000000714c00000| Untracked 
|  65|0x0000000714d00000, 0x0000000714d00000, 0x0000000714e00000|  0%| F|  |TAMS 0x0000000714d00000, 0x0000000714d00000| Untracked 
|  66|0x0000000714e00000, 0x0000000714e00000, 0x0000000714f00000|  0%| F|  |TAMS 0x0000000714e00000, 0x0000000714e00000| Untracked 
|  67|0x0000000714f00000, 0x0000000714f00000, 0x0000000715000000|  0%| F|  |TAMS 0x0000000714f00000, 0x0000000714f00000| Untracked 
|  68|0x0000000715000000, 0x0000000715000000, 0x0000000715100000|  0%| F|  |TAMS 0x0000000715000000, 0x0000000715000000| Untracked 
|  69|0x0000000715100000, 0x0000000715100000, 0x0000000715200000|  0%| F|  |TAMS 0x0000000715100000, 0x0000000715100000| Untracked 
|  70|0x0000000715200000, 0x0000000715200000, 0x0000000715300000|  0%| F|  |TAMS 0x0000000715200000, 0x0000000715200000| Untracked 
|  71|0x0000000715300000, 0x0000000715300000, 0x0000000715400000|  0%| F|  |TAMS 0x0000000715300000, 0x0000000715300000| Untracked 
|  72|0x0000000715400000, 0x0000000715400000, 0x0000000715500000|  0%| F|  |TAMS 0x0000000715400000, 0x0000000715400000| Untracked 
|  73|0x0000000715500000, 0x0000000715500000, 0x0000000715600000|  0%| F|  |TAMS 0x0000000715500000, 0x0000000715500000| Untracked 
|  74|0x0000000715600000, 0x0000000715600000, 0x0000000715700000|  0%| F|  |TAMS 0x0000000715600000, 0x0000000715600000| Untracked 
|  75|0x0000000715700000, 0x0000000715700000, 0x0000000715800000|  0%| F|  |TAMS 0x0000000715700000, 0x0000000715700000| Untracked 
|  76|0x0000000715800000, 0x0000000715800000, 0x0000000715900000|  0%| F|  |TAMS 0x0000000715800000, 0x0000000715800000| Untracked 
|  77|0x0000000715900000, 0x0000000715900000, 0x0000000715a00000|  0%| F|  |TAMS 0x0000000715900000, 0x0000000715900000| Untracked 
|  78|0x0000000715a00000, 0x0000000715a00000, 0x0000000715b00000|  0%| F|  |TAMS 0x0000000715a00000, 0x0000000715a00000| Untracked 
|  79|0x0000000715b00000, 0x0000000715b00000, 0x0000000715c00000|  0%| F|  |TAMS 0x0000000715b00000, 0x0000000715b00000| Untracked 
|  80|0x0000000715c00000, 0x0000000715c00000, 0x0000000715d00000|  0%| F|  |TAMS 0x0000000715c00000, 0x0000000715c00000| Untracked 
|  81|0x0000000715d00000, 0x0000000715d00000, 0x0000000715e00000|  0%| F|  |TAMS 0x0000000715d00000, 0x0000000715d00000| Untracked 
|  82|0x0000000715e00000, 0x0000000715e00000, 0x0000000715f00000|  0%| F|  |TAMS 0x0000000715e00000, 0x0000000715e00000| Untracked 
|  83|0x0000000715f00000, 0x0000000715f00000, 0x0000000716000000|  0%| F|  |TAMS 0x0000000715f00000, 0x0000000715f00000| Untracked 
|  84|0x0000000716000000, 0x0000000716000000, 0x0000000716100000|  0%| F|  |TAMS 0x0000000716000000, 0x0000000716000000| Untracked 
|  85|0x0000000716100000, 0x0000000716100000, 0x0000000716200000|  0%| F|  |TAMS 0x0000000716100000, 0x0000000716100000| Untracked 
|  86|0x0000000716200000, 0x0000000716200000, 0x0000000716300000|  0%| F|  |TAMS 0x0000000716200000, 0x0000000716200000| Untracked 
|  87|0x0000000716300000, 0x0000000716300000, 0x0000000716400000|  0%| F|  |TAMS 0x0000000716300000, 0x0000000716300000| Untracked 
|  88|0x0000000716400000, 0x0000000716400000, 0x0000000716500000|  0%| F|  |TAMS 0x0000000716400000, 0x0000000716400000| Untracked 
|  89|0x0000000716500000, 0x0000000716500000, 0x0000000716600000|  0%| F|  |TAMS 0x0000000716500000, 0x0000000716500000| Untracked 
|  90|0x0000000716600000, 0x0000000716600000, 0x0000000716700000|  0%| F|  |TAMS 0x0000000716600000, 0x0000000716600000| Untracked 
|  91|0x0000000716700000, 0x0000000716700000, 0x0000000716800000|  0%| F|  |TAMS 0x0000000716700000, 0x0000000716700000| Untracked 
|  92|0x0000000716800000, 0x0000000716800000, 0x0000000716900000|  0%| F|  |TAMS 0x0000000716800000, 0x0000000716800000| Untracked 
|  93|0x0000000716900000, 0x00000007169a1768, 0x0000000716a00000| 63%| E|  |TAMS 0x0000000716900000, 0x0000000716900000| Complete 
|  94|0x0000000716a00000, 0x0000000716b00000, 0x0000000716b00000|100%| E|  |TAMS 0x0000000716a00000, 0x0000000716a00000| Complete 
|  95|0x0000000716b00000, 0x0000000716c00000, 0x0000000716c00000|100%| E|  |TAMS 0x0000000716b00000, 0x0000000716b00000| Complete 
|  96|0x0000000716c00000, 0x0000000716d00000, 0x0000000716d00000|100%| E|  |TAMS 0x0000000716c00000, 0x0000000716c00000| Complete 
|  97|0x0000000716d00000, 0x0000000716e00000, 0x0000000716e00000|100%| E|  |TAMS 0x0000000716d00000, 0x0000000716d00000| Complete 
|  98|0x0000000716e00000, 0x0000000716f00000, 0x0000000716f00000|100%| E|  |TAMS 0x0000000716e00000, 0x0000000716e00000| Complete 
|  99|0x0000000716f00000, 0x0000000717000000, 0x0000000717000000|100%| E|  |TAMS 0x0000000716f00000, 0x0000000716f00000| Complete 
| 100|0x0000000717000000, 0x0000000717100000, 0x0000000717100000|100%| E|  |TAMS 0x0000000717000000, 0x0000000717000000| Complete 
| 101|0x0000000717100000, 0x0000000717200000, 0x0000000717200000|100%| E|  |TAMS 0x0000000717100000, 0x0000000717100000| Complete 
| 102|0x0000000717200000, 0x0000000717300000, 0x0000000717300000|100%| E|  |TAMS 0x0000000717200000, 0x0000000717200000| Complete 
| 155|0x000000071a700000, 0x000000071a800000, 0x000000071a800000|100%| E|  |TAMS 0x000000071a700000, 0x000000071a700000| Complete 
| 157|0x000000071a900000, 0x000000071aa00000, 0x000000071aa00000|100%| E|  |TAMS 0x000000071a900000, 0x000000071a900000| Complete 
| 159|0x000000071ab00000, 0x000000071ac00000, 0x000000071ac00000|100%| E|  |TAMS 0x000000071ab00000, 0x000000071ab00000| Complete 
| 161|0x000000071ad00000, 0x000000071ae00000, 0x000000071ae00000|100%| E|  |TAMS 0x000000071ad00000, 0x000000071ad00000| Complete 

Card table byte_map: [0x00000174e2d70000,0x00000174e34f0000] _byte_map_base: 0x00000174df4ea000

Marking Bits (Prev, Next): (CMBitMap*) 0x00000174cbfa5d90, (CMBitMap*) 0x00000174cbfa5d58
 Prev Bits: [0x00000174e7840000, 0x00000174eb410000)
 Next Bits: [0x00000174e3c70000, 0x00000174e7840000)

Polling page: 0x00000174c9e90000

Metaspace:

Usage:
  Non-class:     62.73 MB capacity,    61.19 MB ( 98%) used,     1.27 MB (  2%) free+waste,   283.13 KB ( <1%) overhead. 
      Class:     10.47 MB capacity,     9.42 MB ( 90%) used,   936.50 KB (  9%) free+waste,   146.19 KB (  1%) overhead. 
       Both:     73.20 MB capacity,    70.60 MB ( 96%) used,     2.18 MB (  3%) free+waste,   429.31 KB ( <1%) overhead. 

Virtual space:
  Non-class space:       64.00 MB reserved,      62.75 MB ( 98%) committed 
      Class space:        1.00 GB reserved,      10.57 MB (  1%) committed 
             Both:        1.06 GB reserved,      73.32 MB (  7%) committed 

Chunk freelists:
   Non-Class:  2.50 KB
       Class:  3.38 KB
        Both:  5.88 KB

CodeHeap 'non-profiled nmethods': size=239488Kb used=15604Kb max_used=15604Kb free=223883Kb
 bounds [0x00000174d3c10000, 0x00000174d4b50000, 0x00000174e25f0000]
CodeHeap 'non-nmethods': size=6272Kb used=1265Kb max_used=1265Kb free=5006Kb
 bounds [0x00000174d35f0000, 0x00000174d3860000, 0x00000174d3c10000]
 total_blobs=10140 nmethods=9505 adapters=561
 compilation: enabled
              stopped_count=0, restarted_count=0
 full_count=0

Compilation events (10 events):
Event: 1567.303 Thread 0x00000174edec9000 9504   !   1       java.net.NetworkInterface::getCheckedInetAddresses (109 bytes)
Event: 1567.304 Thread 0x00000174edec9000 nmethod 9504 0x00000174d4b4ad90 code [0x00000174d4b4afa0, 0x00000174d4b4b608]
Event: 1567.305 Thread 0x00000174edec9000 9503       1       java.net.NetworkInterface::getInetAddresses (8 bytes)
Event: 1567.305 Thread 0x00000174edec9000 nmethod 9503 0x00000174d4b4ba10 code [0x00000174d4b4bbc0, 0x00000174d4b4bd48]
Event: 1567.305 Thread 0x00000174edec9000 9502       1       java.net.NetworkInterface$2::<init> (15 bytes)
Event: 1567.306 Thread 0x00000174edec9000 nmethod 9502 0x00000174d4b4be10 code [0x00000174d4b4bfa0, 0x00000174d4b4c0b8]
Event: 1567.314 Thread 0x00000174edec9000 9505  s    1       org.apache.catalina.util.LifecycleBase::setState (8 bytes)
Event: 1567.314 Thread 0x00000174edec9000 nmethod 9505 0x00000174d4b4c110 code [0x00000174d4b4c2c0, 0x00000174d4b4c528]
Event: 1567.323 Thread 0x00000174edec9000 9506   !   1       java.util.logging.LogManager$LoggerContext::findLogger (113 bytes)
Event: 1567.324 Thread 0x00000174edec9000 nmethod 9506 0x00000174d4b4c610 code [0x00000174d4b4c820, 0x00000174d4b4ce88]

GC Heap History (10 events):
Event: 1431.056 GC heap after
{Heap after GC invocations=28 (full 3):
 garbage-first heap   total 109568K, used 39265K [0x0000000710c00000, 0x0000000800000000)
  region size 1024K, 5 young (5120K), 5 survivors (5120K)
 Metaspace       used 71547K, capacity 74118K, committed 74188K, reserved 1112064K
  class space    used 9580K, capacity 10640K, committed 10700K, reserved 1048576K
}
Event: 1554.212 GC heap before
{Heap before GC invocations=28 (full 3):
 garbage-first heap   total 109568K, used 56673K [0x0000000710c00000, 0x0000000800000000)
  region size 1024K, 23 young (23552K), 5 survivors (5120K)
 Metaspace       used 71605K, capacity 74212K, committed 74444K, reserved 1114112K
  class space    used 9589K, capacity 10649K, committed 10700K, reserved 1048576K
}
Event: 1554.388 GC heap after
{Heap after GC invocations=29 (full 4):
 garbage-first heap   total 109568K, used 34340K [0x0000000710c00000, 0x0000000800000000)
  region size 1024K, 0 young (0K), 0 survivors (0K)
 Metaspace       used 71603K, capacity 74206K, committed 74444K, reserved 1114112K
  class space    used 9588K, capacity 10647K, committed 10700K, reserved 1048576K
}
Event: 1556.008 GC heap before
{Heap before GC invocations=29 (full 4):
 garbage-first heap   total 109568K, used 86564K [0x0000000710c00000, 0x0000000800000000)
  region size 1024K, 51 young (52224K), 0 survivors (0K)
 Metaspace       used 71769K, capacity 74463K, committed 74700K, reserved 1114112K
  class space    used 9605K, capacity 10689K, committed 10700K, reserved 1048576K
}
Event: 1556.019 GC heap after
{Heap after GC invocations=30 (full 4):
 garbage-first heap   total 109568K, used 37907K [0x0000000710c00000, 0x0000000800000000)
  region size 1024K, 4 young (4096K), 4 survivors (4096K)
 Metaspace       used 71769K, capacity 74463K, committed 74700K, reserved 1114112K
  class space    used 9605K, capacity 10689K, committed 10700K, reserved 1048576K
}
Event: 1558.246 GC heap before
{Heap before GC invocations=30 (full 4):
 garbage-first heap   total 109568K, used 88083K [0x0000000710c00000, 0x0000000800000000)
  region size 1024K, 53 young (54272K), 4 survivors (4096K)
 Metaspace       used 72061K, capacity 74719K, committed 74956K, reserved 1114112K
  class space    used 9625K, capacity 10689K, committed 10700K, reserved 1048576K
}
Event: 1558.262 GC heap after
{Heap after GC invocations=31 (full 4):
 garbage-first heap   total 109568K, used 40104K [0x0000000710c00000, 0x0000000800000000)
  region size 1024K, 6 young (6144K), 6 survivors (6144K)
 Metaspace       used 72061K, capacity 74719K, committed 74956K, reserved 1114112K
  class space    used 9625K, capacity 10689K, committed 10700K, reserved 1048576K
}
Event: 1558.803 GC heap before
{Heap before GC invocations=31 (full 4):
 garbage-first heap   total 109568K, used 88232K [0x0000000710c00000, 0x0000000800000000)
  region size 1024K, 53 young (54272K), 6 survivors (6144K)
 Metaspace       used 72295K, capacity 74955K, committed 75084K, reserved 1114112K
  class space    used 9641K, capacity 10723K, committed 10828K, reserved 1048576K
}
Event: 1558.826 GC heap after
{Heap after GC invocations=32 (full 4):
 garbage-first heap   total 109568K, used 41806K [0x0000000710c00000, 0x0000000800000000)
  region size 1024K, 5 young (5120K), 5 survivors (5120K)
 Metaspace       used 72295K, capacity 74955K, committed 75084K, reserved 1114112K
  class space    used 9641K, capacity 10723K, committed 10828K, reserved 1048576K
}
Event: 1567.379 GC heap before
{Heap before GC invocations=32 (full 4):
 garbage-first heap   total 109568K, used 55118K [0x0000000710c00000, 0x0000000800000000)
  region size 1024K, 19 young (19456K), 5 survivors (5120K)
 Metaspace       used 72298K, capacity 74961K, committed 75084K, reserved 1114112K
  class space    used 9642K, capacity 10725K, committed 10828K, reserved 1048576K
}

Deoptimization events (0 events):
No events

Classes redefined (0 events):
No events

Internal exceptions (10 events):
Event: 1558.446 Thread 0x00000174f2513800 Exception <a 'java/lang/ClassNotFoundException'{0x00000007169d9810}: com/university/models/RegistrationCustomizer> (0x00000007169d9810) thrown at [./open/src/hotspot/share/classfile/systemDictionary.cpp, line 226]
Event: 1558.544 Thread 0x00000174f2513800 Exception <a 'java/lang/ClassNotFoundException'{0x0000000715c0ade0}: java/lang/ObjectCustomizer> (0x0000000715c0ade0) thrown at [./open/src/hotspot/share/classfile/systemDictionary.cpp, line 226]
Event: 1558.545 Thread 0x00000174f2513800 Exception <a 'java/lang/ClassNotFoundException'{0x0000000715c22730}: com/university/models/PaymentCustomizer> (0x0000000715c22730) thrown at [./open/src/hotspot/share/classfile/systemDictionary.cpp, line 226]
Event: 1558.579 Thread 0x00000174f2513800 Exception <a 'java/lang/ClassNotFoundException'{0x000000071586c9a8}: java/lang/ObjectCustomizer> (0x000000071586c9a8) thrown at [./open/src/hotspot/share/classfile/systemDictionary.cpp, line 226]
Event: 1558.581 Thread 0x00000174f2513800 Exception <a 'java/lang/ClassNotFoundException'{0x0000000715883f10}: com/university/models/RoleCustomizer> (0x0000000715883f10) thrown at [./open/src/hotspot/share/classfile/systemDictionary.cpp, line 226]
Event: 1558.618 Thread 0x00000174f2513800 Exception <a 'java/lang/ClassNotFoundException'{0x00000007154b3970}: java/lang/ObjectCustomizer> (0x00000007154b3970) thrown at [./open/src/hotspot/share/classfile/systemDictionary.cpp, line 226]
Event: 1558.619 Thread 0x00000174f2513800 Exception <a 'java/lang/ClassNotFoundException'{0x00000007154cac50}: com/university/models/UserCustomizer> (0x00000007154cac50) thrown at [./open/src/hotspot/share/classfile/systemDictionary.cpp, line 226]
Event: 1558.682 Thread 0x00000174f2513800 Exception <a 'java/lang/reflect/InvocationTargetException'{0x0000000714d34018}> (0x0000000714d34018) thrown at [./open/src/hotspot/share/runtime/reflection.cpp, line 1242]
Event: 1558.682 Thread 0x00000174f2513800 Exception <a 'java/lang/reflect/InvocationTargetException'{0x0000000714d3e218}> (0x0000000714d3e218) thrown at [./open/src/hotspot/share/runtime/reflection.cpp, line 1242]
Event: 1567.322 Thread 0x00000174f2515000 Exception <a 'java/lang/InterruptedException'{0x0000000716a8df60}: sleep interrupted> (0x0000000716a8df60) thrown at [./open/src/hotspot/share/prims/jvm.cpp, line 3124]

Events (10 events):
Event: 1567.375 Executing VM operation: RevokeBias
Event: 1567.375 Executing VM operation: RevokeBias done
Event: 1567.375 Executing VM operation: RevokeBias
Event: 1567.375 Executing VM operation: RevokeBias done
Event: 1567.375 Executing VM operation: RevokeBias
Event: 1567.375 Executing VM operation: RevokeBias done
Event: 1567.376 Executing VM operation: RevokeBias
Event: 1567.376 Executing VM operation: RevokeBias done
Event: 1567.379 Thread 0x00000174f02d6800 Thread exited: 0x00000174f02d6800
Event: 1567.379 Executing VM operation: G1CollectFull


Dynamic libraries:
0x00007ff77ddd0000 - 0x00007ff77dddf000 	C:\Program Files\Java\jdk-11.0.16.1\bin\javaw.exe
0x00007ff9992d0000 - 0x00007ff9994c8000 	C:\WINDOWS\SYSTEM32\ntdll.dll
0x00007ff997f70000 - 0x00007ff99802f000 	C:\WINDOWS\System32\KERNEL32.DLL
0x00007ff996a80000 - 0x00007ff996d52000 	C:\WINDOWS\System32\KERNELBASE.dll
0x00007ff997210000 - 0x00007ff997310000 	C:\WINDOWS\System32\ucrtbase.dll
0x00007ff991cd0000 - 0x00007ff991ce5000 	C:\Program Files\Java\jdk-11.0.16.1\bin\VCRUNTIME140.dll
0x00007ff98ed20000 - 0x00007ff98ed38000 	C:\Program Files\Java\jdk-11.0.16.1\bin\jli.dll
0x00007ff998030000 - 0x00007ff9980de000 	C:\WINDOWS\System32\ADVAPI32.dll
0x00007ff997790000 - 0x00007ff99782e000 	C:\WINDOWS\System32\msvcrt.dll
0x00007ff9978b0000 - 0x00007ff99794c000 	C:\WINDOWS\System32\sechost.dll
0x00007ff997490000 - 0x00007ff9975b5000 	C:\WINDOWS\System32\RPCRT4.dll
0x00007ff9975c0000 - 0x00007ff997761000 	C:\WINDOWS\System32\USER32.dll
0x00007ff9969c0000 - 0x00007ff9969e2000 	C:\WINDOWS\System32\win32u.dll
0x00007ff998b10000 - 0x00007ff998b3b000 	C:\WINDOWS\System32\GDI32.dll
0x00007ff98f7b0000 - 0x00007ff98fa4a000 	C:\WINDOWS\WinSxS\amd64_microsoft.windows.common-controls_6595b64144ccf1df_6.0.19041.1110_none_60b5254171f9507e\COMCTL32.dll
0x00007ff996e10000 - 0x00007ff996f1f000 	C:\WINDOWS\System32\gdi32full.dll
0x00007ff996f20000 - 0x00007ff996fbd000 	C:\WINDOWS\System32\msvcp_win.dll
0x00007ff98fa60000 - 0x00007ff98fa6a000 	C:\WINDOWS\SYSTEM32\VERSION.dll
0x00007ff997450000 - 0x00007ff997482000 	C:\WINDOWS\System32\IMM32.DLL
0x00007ff986030000 - 0x00007ff9860cb000 	C:\Program Files\Java\jdk-11.0.16.1\bin\msvcp140.dll
0x00007ff929c60000 - 0x00007ff92a778000 	C:\Program Files\Java\jdk-11.0.16.1\bin\server\jvm.dll
0x00007ff997770000 - 0x00007ff997778000 	C:\WINDOWS\System32\PSAPI.DLL
0x00007ff991560000 - 0x00007ff991569000 	C:\WINDOWS\SYSTEM32\WSOCK32.dll
0x00007ff9988f0000 - 0x00007ff99895b000 	C:\WINDOWS\System32\WS2_32.dll
0x00007ff98c6d0000 - 0x00007ff98c6f7000 	C:\WINDOWS\SYSTEM32\WINMM.dll
0x00007ff9947a0000 - 0x00007ff9947b2000 	C:\WINDOWS\SYSTEM32\kernel.appcore.dll
0x00007ff991580000 - 0x00007ff991590000 	C:\Program Files\Java\jdk-11.0.16.1\bin\verify.dll
0x00007ff98dbc0000 - 0x00007ff98dda4000 	C:\WINDOWS\SYSTEM32\DBGHELP.DLL
0x00007ff98d920000 - 0x00007ff98d955000 	C:\WINDOWS\SYSTEM32\dbgcore.DLL
0x00007ff9969f0000 - 0x00007ff996a72000 	C:\WINDOWS\System32\bcryptPrimitives.dll
0x00007ff955540000 - 0x00007ff955568000 	C:\Program Files\Java\jdk-11.0.16.1\bin\java.dll
0x00007ff97fb70000 - 0x00007ff97fb7a000 	C:\Program Files\Java\jdk-11.0.16.1\bin\jimage.dll
0x00007ff976050000 - 0x00007ff976066000 	C:\Program Files\Java\jdk-11.0.16.1\bin\zip.dll
0x00007ff998b40000 - 0x00007ff999284000 	C:\WINDOWS\System32\SHELL32.dll
0x00007ff994a80000 - 0x00007ff995212000 	C:\WINDOWS\SYSTEM32\windows.storage.dll
0x00007ff9982c0000 - 0x00007ff998615000 	C:\WINDOWS\System32\combase.dll
0x00007ff996340000 - 0x00007ff996370000 	C:\WINDOWS\SYSTEM32\Wldp.dll
0x00007ff998830000 - 0x00007ff9988dd000 	C:\WINDOWS\System32\SHCORE.dll
0x00007ff997310000 - 0x00007ff997365000 	C:\WINDOWS\System32\shlwapi.dll
0x00007ff996900000 - 0x00007ff99691f000 	C:\WINDOWS\SYSTEM32\profapi.dll
0x00007ff9425e0000 - 0x00007ff9425f9000 	C:\Program Files\Java\jdk-11.0.16.1\bin\net.dll
0x00007ff991030000 - 0x00007ff99113c000 	C:\WINDOWS\SYSTEM32\WINHTTP.dll
0x00007ff9960a0000 - 0x00007ff99610a000 	C:\WINDOWS\system32\mswsock.dll
0x00007ff93c0a0000 - 0x00007ff93c0b2000 	C:\Program Files\Java\jdk-11.0.16.1\bin\nio.dll
0x00007ff97f720000 - 0x00007ff97f729000 	C:\Program Files\Java\jdk-11.0.16.1\bin\management.dll
0x00007ff97f580000 - 0x00007ff97f58b000 	C:\Program Files\Java\jdk-11.0.16.1\bin\management_ext.dll
0x00007ff989c20000 - 0x00007ff989c37000 	C:\WINDOWS\system32\napinsp.dll
0x00007ff989c00000 - 0x00007ff989c1b000 	C:\WINDOWS\system32\pnrpnsp.dll
0x00007ff989be0000 - 0x00007ff989bf5000 	C:\WINDOWS\system32\wshbth.dll
0x00007ff992f60000 - 0x00007ff992f7d000 	C:\WINDOWS\system32\NLAapi.dll
0x00007ff995d90000 - 0x00007ff995dcb000 	C:\WINDOWS\SYSTEM32\IPHLPAPI.DLL
0x00007ff995dd0000 - 0x00007ff995e9a000 	C:\WINDOWS\SYSTEM32\DNSAPI.dll
0x00007ff9988e0000 - 0x00007ff9988e8000 	C:\WINDOWS\System32\NSI.dll
0x00007ff989bc0000 - 0x00007ff989bd2000 	C:\WINDOWS\System32\winrnr.dll
0x00007ff98f5b0000 - 0x00007ff98f5ba000 	C:\Windows\System32\rasadhlp.dll
0x00007ff98fbf0000 - 0x00007ff98fc70000 	C:\WINDOWS\System32\fwpuclnt.dll
0x00007ff996fc0000 - 0x00007ff996fe7000 	C:\WINDOWS\System32\bcrypt.dll
0x00007ff996290000 - 0x00007ff9962a8000 	C:\WINDOWS\SYSTEM32\CRYPTSP.dll
0x00007ff9959c0000 - 0x00007ff9959f4000 	C:\WINDOWS\system32\rsaenh.dll
0x00007ff9968c0000 - 0x00007ff9968ee000 	C:\WINDOWS\SYSTEM32\USERENV.dll
0x00007ff9962b0000 - 0x00007ff9962bc000 	C:\WINDOWS\SYSTEM32\CRYPTBASE.dll
0x00007ff991be0000 - 0x00007ff991bf7000 	C:\WINDOWS\SYSTEM32\dhcpcsvc6.DLL
0x00007ff991bc0000 - 0x00007ff991bdd000 	C:\WINDOWS\SYSTEM32\dhcpcsvc.DLL
0x00007ff97d470000 - 0x00007ff97d47d000 	C:\Program Files\Java\jdk-11.0.16.1\bin\sunmscapi.dll
0x00007ff996ff0000 - 0x00007ff997146000 	C:\WINDOWS\System32\CRYPT32.dll
0x00007ff9963b0000 - 0x00007ff9963d7000 	C:\WINDOWS\SYSTEM32\ncrypt.dll
0x00007ff996370000 - 0x00007ff9963ab000 	C:\WINDOWS\SYSTEM32\NTASN1.dll
0x00007ff93c070000 - 0x00007ff93c095000 	C:\Program Files\Java\jdk-11.0.16.1\bin\sunec.dll

dbghelp: loaded successfully - version: 4.0.5 - missing functions: none
symbol engine: initialized successfully - sym options: 0x614 - pdb path: .;C:\Program Files\Java\jdk-11.0.16.1\bin;C:\WINDOWS\SYSTEM32;C:\WINDOWS\WinSxS\amd64_microsoft.windows.common-controls_6595b64144ccf1df_6.0.19041.1110_none_60b5254171f9507e;C:\Program Files\Java\jdk-11.0.16.1\bin\server

VM Arguments:
jvm_args: -Dcom.sun.management.jmxremote -Dcom.sun.management.jmxremote.port=49832 -Dcom.sun.management.jmxremote.authenticate=false -Dcom.sun.management.jmxremote.ssl=false -Djava.rmi.server.hostname=localhost -Dspring.jmx.enabled=true -Dspring.application.admin.enabled=true -XX:TieredStopAtLevel=1 -Dspring.boot.project.name=university -Dfile.encoding=UTF-8 
java_command: com.university.UniversityApplication --spring.output.ansi.enabled=always
java_class_path (initial): C:\Users\KERE Annich\Documents\workspace-spring-tool-suite-4-4.16.1.RELEASE\university\target\classes;C:\Users\KERE Annich\.m2\repository\org\springframework\boot\spring-boot-starter-data-jpa\2.7.6\spring-boot-starter-data-jpa-2.7.6.jar;C:\Users\KERE Annich\.m2\repository\org\springframework\boot\spring-boot-starter-aop\2.7.6\spring-boot-starter-aop-2.7.6.jar;C:\Users\KERE Annich\.m2\repository\org\springframework\spring-aop\5.3.24\spring-aop-5.3.24.jar;C:\Users\KERE Annich\.m2\repository\org\aspectj\aspectjweaver\1.9.7\aspectjweaver-1.9.7.jar;C:\Users\KERE Annich\.m2\repository\org\springframework\boot\spring-boot-starter-jdbc\2.7.6\spring-boot-starter-jdbc-2.7.6.jar;C:\Users\KERE Annich\.m2\repository\com\zaxxer\HikariCP\4.0.3\HikariCP-4.0.3.jar;C:\Users\KERE Annich\.m2\repository\org\springframework\spring-jdbc\5.3.24\spring-jdbc-5.3.24.jar;C:\Users\KERE Annich\.m2\repository\jakarta\transaction\jakarta.transaction-api\1.3.3\jakarta.transaction-api-1.3.3.jar;C:\Users\KERE Annich\.m2\repository\jakarta\persistence\jakarta.persistence-api\2.2.3\jakarta.persistence-api-2.2.3.jar;C:\Users\KERE Annich\.m2\repository\org\hibernate\hibernate-core\5.6.14.Final\hibernate-core-5.6.14.Final.jar;C:\Users\KERE Annich\.m2\repository\org\jboss\logging\jboss-logging\3.4.3.Final\jboss-logging-3.4.3.Final.jar;C:\Users\KERE Annich\.m2\repository\net\bytebuddy\byte-buddy\1.12.19\byte-buddy-1.12.19.jar;C:\Users\KERE Annich\.m2\repository\antlr\antlr\2.7.7\antlr-2.7.7.jar;C:\Users\KERE Annich\.m2\repository\org\jboss\jandex\2.4.2.Final\jandex-2.4.2.Final.jar;C:\Users\KERE Annich\.m2\repository\com\fasterxml\classmate\1.5.1\classmate-1.5.1.jar;C:\Users\KERE Annich\.m2\repository\org\hibernate\common\hibernate-commons-annotations\5.1.2.Final\hibernate-commons-annotations-5.1.2.Final.jar;C:\Users\KERE Annich\.m2\repository\org\glassfish\jaxb\jaxb-runtime\2.3.7\jaxb-runtime-2.3.7.jar;C:\Users\KERE Annich\.m2\repository\org\glassfish\jaxb\txw2\2.3.7\txw2-2.3.7.
Launcher Type: SUN_STANDARD

[Global flags]
     intx CICompilerCount                          = 2                                         {product} {ergonomic}
     uint ConcGCThreads                            = 1                                         {product} {ergonomic}
     uint G1ConcRefinementThreads                  = 2                                         {product} {ergonomic}
   size_t G1HeapRegionSize                         = 1048576                                   {product} {ergonomic}
    uintx GCDrainStackTargetSize                   = 64                                        {product} {ergonomic}
   size_t InitialHeapSize                          = 251658240                                 {product} {ergonomic}
     bool ManagementServer                         = true                                      {product} {command line}
   size_t MarkStackSize                            = 4194304                                   {product} {ergonomic}
   size_t MaxHeapSize                              = 4013948928                                {product} {ergonomic}
   size_t MaxNewSize                               = 2407530496                                {product} {ergonomic}
   size_t MinHeapDeltaBytes                        = 1048576                                   {product} {ergonomic}
    uintx NonNMethodCodeHeapSize                   = 6396312                                {pd product} {ergonomic}
    uintx NonProfiledCodeHeapSize                  = 245261928                              {pd product} {ergonomic}
    uintx ProfiledCodeHeapSize                     = 0                                      {pd product} {ergonomic}
    uintx ReservedCodeCacheSize                    = 251658240                              {pd product} {ergonomic}
     bool SegmentedCodeCache                       = true                                      {product} {ergonomic}
     intx TieredStopAtLevel                        = 1                                         {product} {command line}
     bool UseCompressedClassPointers               = true                                 {lp64_product} {ergonomic}
     bool UseCompressedOops                        = true                                 {lp64_product} {ergonomic}
     bool UseG1GC                                  = true                                      {product} {ergonomic}
     bool UseLargePagesIndividualAllocation        = false                                  {pd product} {ergonomic}

Logging:
Log output configuration:
 #0: stdout all=warning uptime,level,tags
 #1: stderr all=off uptime,level,tags

Environment Variables:
JAVA_HOME=C:\Program Files\Java\jdk-11.0.16.1
PATH=C:/STS4/sts-4.16.1.RELEASE//plugins/org.eclipse.justj.openjdk.hotspot.jre.full.win32.x86_64_17.0.4.v20221004-1257/jre/bin/server;C:/STS4/sts-4.16.1.RELEASE//plugins/org.eclipse.justj.openjdk.hotspot.jre.full.win32.x86_64_17.0.4.v20221004-1257/jre/bin;C:\Program Files\Common Files\Oracle\Java\javapath;C:\Program Files\Python38\Scripts\;C:\Program Files\Python38\;C:\WINDOWS\system32;C:\WINDOWS;C:\WINDOWS\System32\Wbem;C:\WINDOWS\System32\WindowsPowerShell\v1.0\;C:\WINDOWS\System32\OpenSSH\;C:\Program Files\dotnet\;C:\Program Files\MATLAB\R2017b\runtime\win64;C:\Program Files\MATLAB\R2017b\bin;C:\Program Files (x86)\dotnet\;C:\Users\KERE Annich\Desktop\Base de données\apache-maven-3.8.5-bin\apache-maven-3.8.5\bin;C:\Program Files\MATLAB\R2018a\runtime\win64;C:\Program Files\MATLAB\R2018a\bin;C:\ProgramData\chocolatey\bin;C:\Program Files\MySQL\MySQL Server 8.0\bin;C:\Program Files\Git\cmd;C:\Program Files\nodejs\;C:\Program Files\MongoDB\Server\6.0\bin;C:\mongosh-1.5.4\bin;C:\Program Files\Java\jdk-11.0.16.1bin;C:\Users\KERE Annich\AppData\Local\Programs\Python\Python311\Scripts\;C:\Users\KERE Annich\AppData\Local\Programs\Python\Python311\;C:\Program Files\MySQL\MySQL Shell 8.0\bin\;C:\Program Files\JetBrains\PyCharm Community Edition 2022.1.3\bin;;C:\Users\KERE Annich\AppData\Local\Programs\Microsoft VS Code\bin;C:\Users\KERE Annich\AppData\Roaming\npm;C:\STS4\sts-4.16.1.RELEASE;
USERNAME=KERE Annich
OS=Windows_NT
PROCESSOR_IDENTIFIER=AMD64 Family 21 Model 112 Stepping 0, AuthenticAMD



---------------  S Y S T E M  ---------------

OS: Windows 10 , 64 bit Build 19041 (10.0.19041.2364)

CPU:total 2 (initial active 2) (2 cores per cpu, 1 threads per core) family 21 model 112 stepping 0 microcode 0x0, cmov, cx8, fxsr, mmx, sse, sse2, sse3, ssse3, sse4.1, sse4.2, popcnt, avx, avx2, aes, clmul, mmxext, 3dnowpref, lzcnt, sse4a, tsc, tscinvbit, tscinv, bmi1, bmi2, fma

Memory: 4k page, system-wide physical 15308M (8009M free)
TotalPageFile size 17612M (AvailPageFile size 9104M)
current process WorkingSet (physical memory assigned to process): 250M, peak: 374M
current process commit charge ("private bytes"): 294M, peak: 531M

vm_info: Java HotSpot(TM) 64-Bit Server VM (11.0.16.1+1-LTS-1) for windows-amd64 JRE (11.0.16.1+1-LTS-1), built on Aug 16 2022 01:46:01 by "mach5one" with MS VC++ 15.9 (VS2017)

END.
